[35m[Appium][39m Welcome to Appium v1.22.3
[35m[Appium][39m Non-default server args:
[35m[Appium][39m   port: 55747
[35m[Appium][39m   loglevel: info
[35m[Appium][39m   tmpDir: C:\Users\095085\AppData\Local\Temp\\Katalon\Appium\Temp1657645360835
[35m[Appium][39m   chromedriverPort: 55748
[35m[Appium][39m Deprecated server args:
[35m[Appium][39m   [31m--chromedriver-port[39m => --default-capabilities
[35m[Appium][39m Default capabilities, which will be added to each request unless overridden by desired capabilities:
[35m[Appium][39m   chromedriverPort: 55748
[35m[Appium][39m Appium REST http interface listener started on 0.0.0.0:55747
[35m[HTTP][39m [37m-->[39m [37mGET[39m [37m/wd/hub/status[39m
[35m[HTTP][39m [90m{}[39m
[35m[HTTP][39m [37m<-- GET /wd/hub/status [39m[32m200[39m [90m5 ms - 68[39m
[35m[HTTP][39m [90m[39m
[35m[HTTP][39m [37m-->[39m [37mGET[39m [37m/wd/hub/status[39m
[35m[HTTP][39m [90m{}[39m
[35m[HTTP][39m [37m<-- GET /wd/hub/status [39m[32m200[39m [90m1 ms - 68[39m
[35m[HTTP][39m [90m[39m
[35m[HTTP][39m [37m-->[39m [37mPOST[39m [37m/wd/hub/session[39m
[35m[HTTP][39m [90m{"desiredCapabilities":{"appActivity":".Settings","appPackage":"com.android.settings","newCommandTimeout":1800,"platformVersion":"10","automationName":"uiautomator2","autoGrantPermissions":true,"platformName":"Android","udid":"192.168.218.103:5555","deviceName":"Genymobile Google Pixel 3 (Android 10)","platform":"ANDROID","systemPort":8273},"capabilities":{"firstMatch":[{"appium:appActivity":".Settings","appium:appPackage":"com.android.settings","appium:autoGrantPermissions":true,"appium:automationName":"uiautomator2","appium:deviceName":"Genymobile Google Pixel 3 (Android 10)","appium:newCommandTimeout":1800,"platform":"ANDROID","platformName":"android","appium:platformVersion":"10","appium:systemPort":8273,"appium:udid":"192.168.218.103:5555"}]}}[39m
[35m[BaseDriver][39m The following capabilities are not standard capabilities and should have an extension prefix:
[35m[BaseDriver][39m   platform
[35m[BaseDriver][39m   chromedriverPort
[35m[Appium][39m Appium v1.22.3 creating new AndroidUiautomator2Driver (v1.70.1) session
[35m[BaseDriver][39m The following capabilities were provided, but are not recognized by Appium:
[35m[BaseDriver][39m   platform
[35m[BaseDriver][39m Session created with session id: 767161bc-ed89-4441-b74f-2cd2e83c3835
[35m[UiAutomator2][39m Starting 'com.android.settings' directly on the device
[35m[ADB][39m Found 1 'build-tools' folders under 'C:\Users\095085\.katalon\tools\android_sdk' (newest first):
[35m[ADB][39m     C:/Users/095085/.katalon/tools/android_sdk/build-tools/29.0.3
[35m[ADB][39m Using 'adb.exe' from 'C:\Users\095085\.katalon\tools\android_sdk\platform-tools\adb.exe'
[35m[AndroidDriver][39m Retrieving device list
[35m[AndroidDriver][39m Using device: 192.168.218.103:5555
[35m[ADB][39m Using 'adb.exe' from 'C:\Users\095085\.katalon\tools\android_sdk\platform-tools\adb.exe'
[35m[ADB][39m Getting device platform version
[35m[UiAutomator2][39m Relaxing hidden api policy
[35m[AndroidDriver][39m No app sent in, not parsing package/activity
[35m[ADB][39m Using 'apksigner.jar' from 'C:\Users\095085\.katalon\tools\android_sdk\build-tools\29.0.3\lib\apksigner.jar'
[35m[ADB][39m 'C:\Users\095085\AppData\Roaming\npm\node_modules\appium\node_modules\appium-uiautomator2-server\apks\appium-uiautomator2-server-v4.27.0.apk' is signed with the default certificate
[35m[ADB][39m 'C:\Users\095085\AppData\Roaming\npm\node_modules\appium\node_modules\appium-uiautomator2-server\apks\appium-uiautomator2-server-debug-androidTest.apk' is signed with the default certificate
[35m[UiAutomator2][39m Server packages are not going to be (re)installed
[35m[ADB][39m Adding packages ["io.appium.settings","io.appium.uiautomator2.server","io.appium.uiautomator2.server.test"] to Doze whitelist
[35m[UiAutomator2][39m Starting UIAutomator2 server 4.27.0
[35m[UiAutomator2][39m Using UIAutomator2 server from 'C:\Users\095085\AppData\Roaming\npm\node_modules\appium\node_modules\appium-uiautomator2-server\apks\appium-uiautomator2-server-v4.27.0.apk' and test from 'C:\Users\095085\AppData\Roaming\npm\node_modules\appium\node_modules\appium-uiautomator2-server\apks\appium-uiautomator2-server-debug-androidTest.apk'
[35m[UiAutomator2][39m Waiting up to 30000ms for UiAutomator2 to be online...
[35m[WD Proxy][39m socket hang up
[35m[WD Proxy][39m socket hang up
[35m[WD Proxy][39m socket hang up
[35m[WD Proxy][39m Determined the downstream protocol as 'W3C'
[35m[AndroidDriver][39m Screen already unlocked, doing nothing
[35m[UiAutomator2][39m Starting 'com.android.settings/.Settings and waiting for 'com.android.settings/.Settings'
[35m[Appium][39m New AndroidUiautomator2Driver session created successfully, session 767161bc-ed89-4441-b74f-2cd2e83c3835 added to master session list
[35m[HTTP][39m [37m<-- POST /wd/hub/session [39m[32m200[39m [90m9995 ms - 1211[39m
[35m[HTTP][39m [90m[39m
[35m[HTTP][39m [37m-->[39m [37mGET[39m [37m/wd/hub/session/767161bc-ed89-4441-b74f-2cd2e83c3835[39m
[35m[HTTP][39m [90m{}[39m
[35m[HTTP][39m [37m<-- GET /wd/hub/session/767161bc-ed89-4441-b74f-2cd2e83c3835 [39m[32m200[39m [90m30 ms - 1165[39m
[35m[HTTP][39m [90m[39m
[35m[HTTP][39m [37m-->[39m [37mGET[39m [37m/wd/hub/session/767161bc-ed89-4441-b74f-2cd2e83c3835[39m
[35m[HTTP][39m [90m{}[39m
[35m[HTTP][39m [37m<-- GET /wd/hub/session/767161bc-ed89-4441-b74f-2cd2e83c3835 [39m[32m200[39m [90m24 ms - 1165[39m
[35m[HTTP][39m [90m[39m
[35m[HTTP][39m [37m-->[39m [37mGET[39m [37m/wd/hub/status[39m
[35m[HTTP][39m [90m{}[39m
[35m[HTTP][39m [37m<-- GET /wd/hub/status [39m[32m200[39m [90m2 ms - 68[39m
[35m[HTTP][39m [90m[39m
[35m[HTTP][39m [37m-->[39m [37mPOST[39m [37m/wd/hub/session/767161bc-ed89-4441-b74f-2cd2e83c3835/timeouts[39m
[35m[HTTP][39m [90m{"implicit":60000}[39m
[35m[HTTP][39m [37m<-- POST /wd/hub/session/767161bc-ed89-4441-b74f-2cd2e83c3835/timeouts [39m[32m200[39m [90m4 ms - 14[39m
[35m[HTTP][39m [90m[39m
[35m[HTTP][39m [37m-->[39m [37mGET[39m [37m/wd/hub/session/767161bc-ed89-4441-b74f-2cd2e83c3835/screenshot[39m
[35m[HTTP][39m [90m{}[39m
[35m[HTTP][39m [37m<-- GET /wd/hub/session/767161bc-ed89-4441-b74f-2cd2e83c3835/screenshot [39m[32m200[39m [90m725 ms - 51444[39m
[35m[HTTP][39m [90m[39m
[35m[HTTP][39m [37m-->[39m [37mGET[39m [37m/wd/hub/session/767161bc-ed89-4441-b74f-2cd2e83c3835/window/rect[39m
[35m[HTTP][39m [90m{}[39m
[35m[HTTP][39m [37m<-- GET /wd/hub/session/767161bc-ed89-4441-b74f-2cd2e83c3835/window/rect [39m[32m200[39m [90m42 ms - 50[39m
[35m[HTTP][39m [90m[39m
[35m[HTTP][39m [37m-->[39m [37mGET[39m [37m/wd/hub/session/767161bc-ed89-4441-b74f-2cd2e83c3835/appium/device/system_bars[39m
[35m[HTTP][39m [90m{}[39m
[35m[HTTP][39m [37m<-- GET /wd/hub/session/767161bc-ed89-4441-b74f-2cd2e83c3835/appium/device/system_bars [39m[32m200[39m [90m197 ms - 148[39m
[35m[HTTP][39m [90m[39m
[35m[HTTP][39m [37m-->[39m [37mPOST[39m [37m/wd/hub/session/767161bc-ed89-4441-b74f-2cd2e83c3835/appium/device/activate_app[39m
[35m[HTTP][39m [90m{"bundleId":"com.example.mikebanks.bankscorpfinancial"}[39m
[35m[HTTP][39m [37m<-- POST /wd/hub/session/767161bc-ed89-4441-b74f-2cd2e83c3835/appium/device/activate_app [39m[32m200[39m [90m1278 ms - 14[39m
[35m[HTTP][39m [90m[39m
[35m[HTTP][39m [37m-->[39m [37mGET[39m [37m/wd/hub/session/767161bc-ed89-4441-b74f-2cd2e83c3835/source[39m
[35m[HTTP][39m [90m{}[39m
[35m[W3C (767161bc)][39m Driver proxy active, passing request on via HTTP proxy
[35m[WD Proxy][39m Replacing sessionId 97a0c83e-ba94-4794-b48b-d8126cc48b84 with 767161bc-ed89-4441-b74f-2cd2e83c3835
[35m[HTTP][39m [37m<-- GET /wd/hub/session/767161bc-ed89-4441-b74f-2cd2e83c3835/source [39m[32m200[39m [90m359 ms - 12240[39m
[35m[HTTP][39m [90m[39m
[35m[HTTP][39m [37m-->[39m [37mGET[39m [37m/wd/hub/session/767161bc-ed89-4441-b74f-2cd2e83c3835/screenshot[39m
[35m[HTTP][39m [90m{}[39m
[35m[HTTP][39m [37m<-- GET /wd/hub/session/767161bc-ed89-4441-b74f-2cd2e83c3835/screenshot [39m[32m200[39m [90m351 ms - 121636[39m
[35m[HTTP][39m [90m[39m
[35m[HTTP][39m [37m-->[39m [37mGET[39m [37m/wd/hub/session/767161bc-ed89-4441-b74f-2cd2e83c3835/source[39m
[35m[HTTP][39m [90m{}[39m
[35m[W3C (767161bc)][39m Driver proxy active, passing request on via HTTP proxy
[35m[WD Proxy][39m Replacing sessionId 97a0c83e-ba94-4794-b48b-d8126cc48b84 with 767161bc-ed89-4441-b74f-2cd2e83c3835
[35m[HTTP][39m [37m<-- GET /wd/hub/session/767161bc-ed89-4441-b74f-2cd2e83c3835/source [39m[32m200[39m [90m134 ms - 23049[39m
[35m[HTTP][39m [90m[39m
[35m[HTTP][39m [37m-->[39m [37mGET[39m [37m/wd/hub/session/767161bc-ed89-4441-b74f-2cd2e83c3835/screenshot[39m
[35m[HTTP][39m [90m{}[39m
[35m[HTTP][39m [37m<-- GET /wd/hub/session/767161bc-ed89-4441-b74f-2cd2e83c3835/screenshot [39m[32m200[39m [90m573 ms - 505010[39m
[35m[HTTP][39m [90m[39m
[35m[HTTP][39m [37m-->[39m [37mPOST[39m [37m/wd/hub/session/767161bc-ed89-4441-b74f-2cd2e83c3835/elements[39m
[35m[HTTP][39m [90m{"using":"xpath","value":"//*[@class = 'android.widget.CheckedTextView' and (@text = 'Make a Payment' or . = 'Make a Payment') and @resource-id = 'com.example.mikebanks.bankscorpfinancial:id/design_menu_item_text']"}[39m
[35m[HTTP][39m [37m<-- POST /wd/hub/session/767161bc-ed89-4441-b74f-2cd2e83c3835/elements [39m[32m200[39m [90m357 ms - 139[39m
[35m[HTTP][39m [90m[39m
[35m[HTTP][39m [37m-->[39m [37mGET[39m [37m/wd/hub/session/767161bc-ed89-4441-b74f-2cd2e83c3835/window/rect[39m
[35m[HTTP][39m [90m{}[39m
[35m[HTTP][39m [37m<-- GET /wd/hub/session/767161bc-ed89-4441-b74f-2cd2e83c3835/window/rect [39m[32m200[39m [90m14 ms - 50[39m
[35m[HTTP][39m [90m[39m
[35m[HTTP][39m [37m-->[39m [37mPOST[39m [37m/wd/hub/session/767161bc-ed89-4441-b74f-2cd2e83c3835/elements[39m
[35m[HTTP][39m [90m{"using":"xpath","value":"//*[@class = 'android.widget.CheckedTextView' and (@text = 'Make a Payment' or . = 'Make a Payment') and @resource-id = 'com.example.mikebanks.bankscorpfinancial:id/design_menu_item_text']"}[39m
[35m[HTTP][39m [37m<-- POST /wd/hub/session/767161bc-ed89-4441-b74f-2cd2e83c3835/elements [39m[32m200[39m [90m111 ms - 139[39m
[35m[HTTP][39m [90m[39m
[35m[HTTP][39m [37m-->[39m [37mGET[39m [37m/wd/hub/session/767161bc-ed89-4441-b74f-2cd2e83c3835/element/00000000-0000-0076-ffff-ffff00000058/location[39m
[35m[HTTP][39m [90m{}[39m
[35m[W3C (767161bc)][39m Driver proxy active, passing request on via HTTP proxy
[35m[WD Proxy][39m Replacing sessionId 97a0c83e-ba94-4794-b48b-d8126cc48b84 with 767161bc-ed89-4441-b74f-2cd2e83c3835
[35m[HTTP][39m [37m<-- GET /wd/hub/session/767161bc-ed89-4441-b74f-2cd2e83c3835/element/00000000-0000-0076-ffff-ffff00000058/location [39m[32m200[39m [90m14 ms - 78[39m
[35m[HTTP][39m [90m[39m
[35m[HTTP][39m [37m-->[39m [37mPOST[39m [37m/wd/hub/session/767161bc-ed89-4441-b74f-2cd2e83c3835/element/00000000-0000-0076-ffff-ffff00000058/click[39m
[35m[HTTP][39m [90m{"id":"00000000-0000-0076-ffff-ffff00000058"}[39m
[35m[HTTP][39m [37m<-- POST /wd/hub/session/767161bc-ed89-4441-b74f-2cd2e83c3835/element/00000000-0000-0076-ffff-ffff00000058/click [39m[32m200[39m [90m116 ms - 14[39m
[35m[HTTP][39m [90m[39m
[35m[HTTP][39m [37m-->[39m [37mGET[39m [37m/wd/hub/session/767161bc-ed89-4441-b74f-2cd2e83c3835/source[39m
[35m[HTTP][39m [90m{}[39m
[35m[W3C (767161bc)][39m Driver proxy active, passing request on via HTTP proxy
[35m[WD Proxy][39m Replacing sessionId 97a0c83e-ba94-4794-b48b-d8126cc48b84 with 767161bc-ed89-4441-b74f-2cd2e83c3835
[35m[HTTP][39m [37m<-- GET /wd/hub/session/767161bc-ed89-4441-b74f-2cd2e83c3835/source [39m[32m200[39m [90m392 ms - 12240[39m
[35m[HTTP][39m [90m[39m
[35m[HTTP][39m [37m-->[39m [37mGET[39m [37m/wd/hub/session/767161bc-ed89-4441-b74f-2cd2e83c3835/screenshot[39m
[35m[HTTP][39m [90m{}[39m
[35m[HTTP][39m [37m<-- GET /wd/hub/session/767161bc-ed89-4441-b74f-2cd2e83c3835/screenshot [39m[32m200[39m [90m816 ms - 121636[39m
[35m[HTTP][39m [90m[39m
[35m[HTTP][39m [37m-->[39m [37mPOST[39m [37m/wd/hub/session/767161bc-ed89-4441-b74f-2cd2e83c3835/elements[39m
[35m[HTTP][39m [90m{"using":"xpath","value":"//*[@class = 'android.widget.ImageButton' and @resource-id = 'com.example.mikebanks.bankscorpfinancial:id/floating_action_btn' and (@text = '' or . = '')]"}[39m
[35m[HTTP][39m [37m<-- POST /wd/hub/session/767161bc-ed89-4441-b74f-2cd2e83c3835/elements [39m[32m200[39m [90m75 ms - 139[39m
[35m[HTTP][39m [90m[39m
[35m[HTTP][39m [37m-->[39m [37mGET[39m [37m/wd/hub/session/767161bc-ed89-4441-b74f-2cd2e83c3835/window/rect[39m
[35m[HTTP][39m [90m{}[39m
[35m[HTTP][39m [37m<-- GET /wd/hub/session/767161bc-ed89-4441-b74f-2cd2e83c3835/window/rect [39m[32m200[39m [90m18 ms - 50[39m
[35m[HTTP][39m [90m[39m
[35m[HTTP][39m [37m-->[39m [37mPOST[39m [37m/wd/hub/session/767161bc-ed89-4441-b74f-2cd2e83c3835/elements[39m
[35m[HTTP][39m [90m{"using":"xpath","value":"//*[@class = 'android.widget.ImageButton' and @resource-id = 'com.example.mikebanks.bankscorpfinancial:id/floating_action_btn' and (@text = '' or . = '')]"}[39m
[35m[HTTP][39m [37m<-- POST /wd/hub/session/767161bc-ed89-4441-b74f-2cd2e83c3835/elements [39m[32m200[39m [90m73 ms - 139[39m
[35m[HTTP][39m [90m[39m
[35m[HTTP][39m [37m-->[39m [37mGET[39m [37m/wd/hub/session/767161bc-ed89-4441-b74f-2cd2e83c3835/element/00000000-0000-0076-ffff-ffff00000098/location[39m
[35m[HTTP][39m [90m{}[39m
[35m[W3C (767161bc)][39m Driver proxy active, passing request on via HTTP proxy
[35m[WD Proxy][39m Replacing sessionId 97a0c83e-ba94-4794-b48b-d8126cc48b84 with 767161bc-ed89-4441-b74f-2cd2e83c3835
[35m[HTTP][39m [37m<-- GET /wd/hub/session/767161bc-ed89-4441-b74f-2cd2e83c3835/element/00000000-0000-0076-ffff-ffff00000098/location [39m[32m200[39m [90m16 ms - 79[39m
[35m[HTTP][39m [90m[39m
[35m[HTTP][39m [37m-->[39m [37mPOST[39m [37m/wd/hub/session/767161bc-ed89-4441-b74f-2cd2e83c3835/element/00000000-0000-0076-ffff-ffff00000098/click[39m
[35m[HTTP][39m [90m{"id":"00000000-0000-0076-ffff-ffff00000098"}[39m
[35m[HTTP][39m [37m<-- POST /wd/hub/session/767161bc-ed89-4441-b74f-2cd2e83c3835/element/00000000-0000-0076-ffff-ffff00000098/click [39m[32m200[39m [90m40 ms - 14[39m
[35m[HTTP][39m [90m[39m
[35m[HTTP][39m [37m-->[39m [37mGET[39m [37m/wd/hub/session/767161bc-ed89-4441-b74f-2cd2e83c3835/source[39m
[35m[HTTP][39m [90m{}[39m
[35m[W3C (767161bc)][39m Driver proxy active, passing request on via HTTP proxy
[35m[WD Proxy][39m Replacing sessionId 97a0c83e-ba94-4794-b48b-d8126cc48b84 with 767161bc-ed89-4441-b74f-2cd2e83c3835
[35m[HTTP][39m [37m<-- GET /wd/hub/session/767161bc-ed89-4441-b74f-2cd2e83c3835/source [39m[32m200[39m [90m164 ms - 3886[39m
[35m[HTTP][39m [90m[39m
[35m[HTTP][39m [37m-->[39m [37mGET[39m [37m/wd/hub/session/767161bc-ed89-4441-b74f-2cd2e83c3835/screenshot[39m
[35m[HTTP][39m [90m{}[39m
[35m[HTTP][39m [37m<-- GET /wd/hub/session/767161bc-ed89-4441-b74f-2cd2e83c3835/screenshot [39m[32m200[39m [90m467 ms - 134998[39m
[35m[HTTP][39m [90m[39m
[35m[HTTP][39m [37m-->[39m [37mPOST[39m [37m/wd/hub/session/767161bc-ed89-4441-b74f-2cd2e83c3835/elements[39m
[35m[HTTP][39m [90m{"using":"xpath","value":"//*[@class = 'android.widget.EditText' and (@text = 'Payee Name' or . = 'Payee Name') and @resource-id = 'com.example.mikebanks.bankscorpfinancial:id/edt_payee_name']"}[39m
[35m[HTTP][39m [37m<-- POST /wd/hub/session/767161bc-ed89-4441-b74f-2cd2e83c3835/elements [39m[32m200[39m [90m31 ms - 139[39m
[35m[HTTP][39m [90m[39m
[35m[HTTP][39m [37m-->[39m [37mGET[39m [37m/wd/hub/session/767161bc-ed89-4441-b74f-2cd2e83c3835/window/rect[39m
[35m[HTTP][39m [90m{}[39m
[35m[HTTP][39m [37m<-- GET /wd/hub/session/767161bc-ed89-4441-b74f-2cd2e83c3835/window/rect [39m[32m200[39m [90m13 ms - 50[39m
[35m[HTTP][39m [90m[39m
[35m[HTTP][39m [37m-->[39m [37mPOST[39m [37m/wd/hub/session/767161bc-ed89-4441-b74f-2cd2e83c3835/elements[39m
[35m[HTTP][39m [90m{"using":"xpath","value":"//*[@class = 'android.widget.EditText' and (@text = 'Payee Name' or . = 'Payee Name') and @resource-id = 'com.example.mikebanks.bankscorpfinancial:id/edt_payee_name']"}[39m
[35m[HTTP][39m [37m<-- POST /wd/hub/session/767161bc-ed89-4441-b74f-2cd2e83c3835/elements [39m[32m200[39m [90m44 ms - 139[39m
[35m[HTTP][39m [90m[39m
[35m[HTTP][39m [37m-->[39m [37mGET[39m [37m/wd/hub/session/767161bc-ed89-4441-b74f-2cd2e83c3835/element/00000000-0000-007d-ffff-ffff000000a5/location[39m
[35m[HTTP][39m [90m{}[39m
[35m[W3C (767161bc)][39m Driver proxy active, passing request on via HTTP proxy
[35m[WD Proxy][39m Replacing sessionId 97a0c83e-ba94-4794-b48b-d8126cc48b84 with 767161bc-ed89-4441-b74f-2cd2e83c3835
[35m[HTTP][39m [37m<-- GET /wd/hub/session/767161bc-ed89-4441-b74f-2cd2e83c3835/element/00000000-0000-007d-ffff-ffff000000a5/location [39m[32m200[39m [90m12 ms - 78[39m
[35m[HTTP][39m [90m[39m
[35m[HTTP][39m [37m-->[39m [37mPOST[39m [37m/wd/hub/session/767161bc-ed89-4441-b74f-2cd2e83c3835/element/00000000-0000-007d-ffff-ffff000000a5/click[39m
[35m[HTTP][39m [90m{"id":"00000000-0000-007d-ffff-ffff000000a5"}[39m
[35m[HTTP][39m [37m<-- POST /wd/hub/session/767161bc-ed89-4441-b74f-2cd2e83c3835/element/00000000-0000-007d-ffff-ffff000000a5/click [39m[32m200[39m [90m48 ms - 14[39m
[35m[HTTP][39m [90m[39m
[35m[HTTP][39m [37m-->[39m [37mGET[39m [37m/wd/hub/session/767161bc-ed89-4441-b74f-2cd2e83c3835/source[39m
[35m[HTTP][39m [90m{}[39m
[35m[W3C (767161bc)][39m Driver proxy active, passing request on via HTTP proxy
[35m[WD Proxy][39m Replacing sessionId 97a0c83e-ba94-4794-b48b-d8126cc48b84 with 767161bc-ed89-4441-b74f-2cd2e83c3835
[35m[HTTP][39m [37m<-- GET /wd/hub/session/767161bc-ed89-4441-b74f-2cd2e83c3835/source [39m[32m200[39m [90m121 ms - 3886[39m
[35m[HTTP][39m [90m[39m
[35m[HTTP][39m [37m-->[39m [37mGET[39m [37m/wd/hub/session/767161bc-ed89-4441-b74f-2cd2e83c3835/screenshot[39m
[35m[HTTP][39m [90m{}[39m
[35m[HTTP][39m [37m<-- GET /wd/hub/session/767161bc-ed89-4441-b74f-2cd2e83c3835/screenshot [39m[32m200[39m [90m383 ms - 135392[39m
[35m[HTTP][39m [90m[39m
[35m[HTTP][39m [37m-->[39m [37mPOST[39m [37m/wd/hub/session/767161bc-ed89-4441-b74f-2cd2e83c3835/elements[39m
[35m[HTTP][39m [90m{"using":"xpath","value":"//*[@class = 'android.widget.EditText' and (@text = 'Payee Name' or . = 'Payee Name') and @resource-id = 'com.example.mikebanks.bankscorpfinancial:id/edt_payee_name']"}[39m
[35m[HTTP][39m [37m<-- POST /wd/hub/session/767161bc-ed89-4441-b74f-2cd2e83c3835/elements [39m[32m200[39m [90m53 ms - 139[39m
[35m[HTTP][39m [90m[39m
[35m[HTTP][39m [37m-->[39m [37mGET[39m [37m/wd/hub/session/767161bc-ed89-4441-b74f-2cd2e83c3835/window/rect[39m
[35m[HTTP][39m [90m{}[39m
[35m[HTTP][39m [37m<-- GET /wd/hub/session/767161bc-ed89-4441-b74f-2cd2e83c3835/window/rect [39m[32m200[39m [90m11 ms - 50[39m
[35m[HTTP][39m [90m[39m
[35m[HTTP][39m [37m-->[39m [37mPOST[39m [37m/wd/hub/session/767161bc-ed89-4441-b74f-2cd2e83c3835/elements[39m
[35m[HTTP][39m [90m{"using":"xpath","value":"//*[@class = 'android.widget.EditText' and (@text = 'Payee Name' or . = 'Payee Name') and @resource-id = 'com.example.mikebanks.bankscorpfinancial:id/edt_payee_name']"}[39m
[35m[HTTP][39m [37m<-- POST /wd/hub/session/767161bc-ed89-4441-b74f-2cd2e83c3835/elements [39m[32m200[39m [90m554 ms - 139[39m
[35m[HTTP][39m [90m[39m
[35m[HTTP][39m [37m-->[39m [37mGET[39m [37m/wd/hub/session/767161bc-ed89-4441-b74f-2cd2e83c3835/element/00000000-0000-007d-ffff-ffff000000a5/location[39m
[35m[HTTP][39m [90m{}[39m
[35m[W3C (767161bc)][39m Driver proxy active, passing request on via HTTP proxy
[35m[WD Proxy][39m Replacing sessionId 97a0c83e-ba94-4794-b48b-d8126cc48b84 with 767161bc-ed89-4441-b74f-2cd2e83c3835
[35m[HTTP][39m [37m<-- GET /wd/hub/session/767161bc-ed89-4441-b74f-2cd2e83c3835/element/00000000-0000-007d-ffff-ffff000000a5/location [39m[32m200[39m [90m20 ms - 78[39m
[35m[HTTP][39m [90m[39m
[35m[HTTP][39m [37m-->[39m [37mPOST[39m [37m/wd/hub/session/767161bc-ed89-4441-b74f-2cd2e83c3835/element/00000000-0000-007d-ffff-ffff000000a5/clear[39m
[35m[HTTP][39m [90m{"id":"00000000-0000-007d-ffff-ffff000000a5"}[39m
[35m[HTTP][39m [37m<-- POST /wd/hub/session/767161bc-ed89-4441-b74f-2cd2e83c3835/element/00000000-0000-007d-ffff-ffff000000a5/clear [39m[32m200[39m [90m18 ms - 14[39m
[35m[HTTP][39m [90m[39m
[35m[HTTP][39m [37m-->[39m [37mPOST[39m [37m/wd/hub/session/767161bc-ed89-4441-b74f-2cd2e83c3835/element/00000000-0000-007d-ffff-ffff000000a5/value[39m
[35m[HTTP][39m [90m{"id":"00000000-0000-007d-ffff-ffff000000a5","text":"Lunch","value":["L","u","n","c","h"]}[39m
[35m[HTTP][39m [37m<-- POST /wd/hub/session/767161bc-ed89-4441-b74f-2cd2e83c3835/element/00000000-0000-007d-ffff-ffff000000a5/value [39m[32m200[39m [90m1046 ms - 14[39m
[35m[HTTP][39m [90m[39m
[35m[HTTP][39m [37m-->[39m [37mGET[39m [37m/wd/hub/session/767161bc-ed89-4441-b74f-2cd2e83c3835/source[39m
[35m[HTTP][39m [90m{}[39m
[35m[W3C (767161bc)][39m Driver proxy active, passing request on via HTTP proxy
[35m[WD Proxy][39m Replacing sessionId 97a0c83e-ba94-4794-b48b-d8126cc48b84 with 767161bc-ed89-4441-b74f-2cd2e83c3835
[35m[HTTP][39m [37m<-- GET /wd/hub/session/767161bc-ed89-4441-b74f-2cd2e83c3835/source [39m[32m200[39m [90m36 ms - 3881[39m
[35m[HTTP][39m [90m[39m
[35m[HTTP][39m [37m-->[39m [37mGET[39m [37m/wd/hub/session/767161bc-ed89-4441-b74f-2cd2e83c3835/screenshot[39m
[35m[HTTP][39m [90m{}[39m
[35m[HTTP][39m [37m<-- GET /wd/hub/session/767161bc-ed89-4441-b74f-2cd2e83c3835/screenshot [39m[32m200[39m [90m645 ms - 131648[39m
[35m[HTTP][39m [90m[39m
[35m[HTTP][39m [37m-->[39m [37mPOST[39m [37m/wd/hub/session/767161bc-ed89-4441-b74f-2cd2e83c3835/elements[39m
[35m[HTTP][39m [90m{"using":"xpath","value":"//*[@class = 'android.widget.Button' and (@text = 'ADD' or . = 'ADD') and @resource-id = 'com.example.mikebanks.bankscorpfinancial:id/btn_add_payee']"}[39m
[35m[HTTP][39m [37m<-- POST /wd/hub/session/767161bc-ed89-4441-b74f-2cd2e83c3835/elements [39m[32m200[39m [90m57 ms - 139[39m
[35m[HTTP][39m [90m[39m
[35m[HTTP][39m [37m-->[39m [37mGET[39m [37m/wd/hub/session/767161bc-ed89-4441-b74f-2cd2e83c3835/window/rect[39m
[35m[HTTP][39m [90m{}[39m
[35m[HTTP][39m [37m<-- GET /wd/hub/session/767161bc-ed89-4441-b74f-2cd2e83c3835/window/rect [39m[32m200[39m [90m13 ms - 50[39m
[35m[HTTP][39m [90m[39m
[35m[HTTP][39m [37m-->[39m [37mPOST[39m [37m/wd/hub/session/767161bc-ed89-4441-b74f-2cd2e83c3835/elements[39m
[35m[HTTP][39m [90m{"using":"xpath","value":"//*[@class = 'android.widget.Button' and (@text = 'ADD' or . = 'ADD') and @resource-id = 'com.example.mikebanks.bankscorpfinancial:id/btn_add_payee']"}[39m
[35m[HTTP][39m [37m<-- POST /wd/hub/session/767161bc-ed89-4441-b74f-2cd2e83c3835/elements [39m[32m200[39m [90m42 ms - 139[39m
[35m[HTTP][39m [90m[39m
[35m[HTTP][39m [37m-->[39m [37mGET[39m [37m/wd/hub/session/767161bc-ed89-4441-b74f-2cd2e83c3835/element/00000000-0000-007d-ffff-ffff000000a7/location[39m
[35m[HTTP][39m [90m{}[39m
[35m[W3C (767161bc)][39m Driver proxy active, passing request on via HTTP proxy
[35m[WD Proxy][39m Replacing sessionId 97a0c83e-ba94-4794-b48b-d8126cc48b84 with 767161bc-ed89-4441-b74f-2cd2e83c3835
[35m[HTTP][39m [37m<-- GET /wd/hub/session/767161bc-ed89-4441-b74f-2cd2e83c3835/element/00000000-0000-007d-ffff-ffff000000a7/location [39m[32m200[39m [90m20 ms - 79[39m
[35m[HTTP][39m [90m[39m
[35m[HTTP][39m [37m-->[39m [37mPOST[39m [37m/wd/hub/session/767161bc-ed89-4441-b74f-2cd2e83c3835/element/00000000-0000-007d-ffff-ffff000000a7/click[39m
[35m[HTTP][39m [90m{"id":"00000000-0000-007d-ffff-ffff000000a7"}[39m
[35m[HTTP][39m [37m<-- POST /wd/hub/session/767161bc-ed89-4441-b74f-2cd2e83c3835/element/00000000-0000-007d-ffff-ffff000000a7/click [39m[32m200[39m [90m67 ms - 14[39m
[35m[HTTP][39m [90m[39m
[35m[HTTP][39m [37m-->[39m [37mGET[39m [37m/wd/hub/session/767161bc-ed89-4441-b74f-2cd2e83c3835/source[39m
[35m[HTTP][39m [90m{}[39m
[35m[W3C (767161bc)][39m Driver proxy active, passing request on via HTTP proxy
[35m[WD Proxy][39m Replacing sessionId 97a0c83e-ba94-4794-b48b-d8126cc48b84 with 767161bc-ed89-4441-b74f-2cd2e83c3835
[35m[HTTP][39m [37m<-- GET /wd/hub/session/767161bc-ed89-4441-b74f-2cd2e83c3835/source [39m[32m200[39m [90m264 ms - 13840[39m
[35m[HTTP][39m [90m[39m
[35m[HTTP][39m [37m-->[39m [37mGET[39m [37m/wd/hub/session/767161bc-ed89-4441-b74f-2cd2e83c3835/screenshot[39m
[35m[HTTP][39m [90m{}[39m
[35m[HTTP][39m [37m<-- GET /wd/hub/session/767161bc-ed89-4441-b74f-2cd2e83c3835/screenshot [39m[32m200[39m [90m357 ms - 136406[39m
[35m[HTTP][39m [90m[39m
[35m[HTTP][39m [37m-->[39m [37mPOST[39m [37m/wd/hub/session/767161bc-ed89-4441-b74f-2cd2e83c3835/elements[39m
[35m[HTTP][39m [90m{"using":"xpath","value":"//*[@class = 'android.widget.EditText' and (@text = 'Amount' or . = 'Amount') and @resource-id = 'com.example.mikebanks.bankscorpfinancial:id/edt_payment_amount']"}[39m
[35m[HTTP][39m [37m<-- POST /wd/hub/session/767161bc-ed89-4441-b74f-2cd2e83c3835/elements [39m[32m200[39m [90m53 ms - 139[39m
[35m[HTTP][39m [90m[39m
[35m[HTTP][39m [37m-->[39m [37mGET[39m [37m/wd/hub/session/767161bc-ed89-4441-b74f-2cd2e83c3835/window/rect[39m
[35m[HTTP][39m [90m{}[39m
[35m[HTTP][39m [37m<-- GET /wd/hub/session/767161bc-ed89-4441-b74f-2cd2e83c3835/window/rect [39m[32m200[39m [90m14 ms - 50[39m
[35m[HTTP][39m [90m[39m
[35m[HTTP][39m [37m-->[39m [37mPOST[39m [37m/wd/hub/session/767161bc-ed89-4441-b74f-2cd2e83c3835/elements[39m
[35m[HTTP][39m [90m{"using":"xpath","value":"//*[@class = 'android.widget.EditText' and (@text = 'Amount' or . = 'Amount') and @resource-id = 'com.example.mikebanks.bankscorpfinancial:id/edt_payment_amount']"}[39m
[35m[HTTP][39m [37m<-- POST /wd/hub/session/767161bc-ed89-4441-b74f-2cd2e83c3835/elements [39m[32m200[39m [90m51 ms - 139[39m
[35m[HTTP][39m [90m[39m
[35m[HTTP][39m [37m-->[39m [37mGET[39m [37m/wd/hub/session/767161bc-ed89-4441-b74f-2cd2e83c3835/element/00000000-0000-0076-ffff-ffff00000096/location[39m
[35m[HTTP][39m [90m{}[39m
[35m[W3C (767161bc)][39m Driver proxy active, passing request on via HTTP proxy
[35m[WD Proxy][39m Replacing sessionId 97a0c83e-ba94-4794-b48b-d8126cc48b84 with 767161bc-ed89-4441-b74f-2cd2e83c3835
[35m[HTTP][39m [37m<-- GET /wd/hub/session/767161bc-ed89-4441-b74f-2cd2e83c3835/element/00000000-0000-0076-ffff-ffff00000096/location [39m[32m200[39m [90m20 ms - 78[39m
[35m[HTTP][39m [90m[39m
[35m[HTTP][39m [37m-->[39m [37mPOST[39m [37m/wd/hub/session/767161bc-ed89-4441-b74f-2cd2e83c3835/element/00000000-0000-0076-ffff-ffff00000096/clear[39m
[35m[HTTP][39m [90m{"id":"00000000-0000-0076-ffff-ffff00000096"}[39m
[35m[HTTP][39m [37m<-- POST /wd/hub/session/767161bc-ed89-4441-b74f-2cd2e83c3835/element/00000000-0000-0076-ffff-ffff00000096/clear [39m[32m200[39m [90m18 ms - 14[39m
[35m[HTTP][39m [90m[39m
[35m[HTTP][39m [37m-->[39m [37mPOST[39m [37m/wd/hub/session/767161bc-ed89-4441-b74f-2cd2e83c3835/element/00000000-0000-0076-ffff-ffff00000096/value[39m
[35m[HTTP][39m [90m{"id":"00000000-0000-0076-ffff-ffff00000096","text":"10","value":["1","0"]}[39m
[35m[HTTP][39m [37m<-- POST /wd/hub/session/767161bc-ed89-4441-b74f-2cd2e83c3835/element/00000000-0000-0076-ffff-ffff00000096/value [39m[32m200[39m [90m1008 ms - 14[39m
[35m[HTTP][39m [90m[39m
[35m[HTTP][39m [37m-->[39m [37mGET[39m [37m/wd/hub/session/767161bc-ed89-4441-b74f-2cd2e83c3835/source[39m
[35m[HTTP][39m [90m{}[39m
[35m[W3C (767161bc)][39m Driver proxy active, passing request on via HTTP proxy
[35m[WD Proxy][39m Replacing sessionId 97a0c83e-ba94-4794-b48b-d8126cc48b84 with 767161bc-ed89-4441-b74f-2cd2e83c3835
[35m[HTTP][39m [37m<-- GET /wd/hub/session/767161bc-ed89-4441-b74f-2cd2e83c3835/source [39m[32m200[39m [90m63 ms - 13677[39m
[35m[HTTP][39m [90m[39m
[35m[HTTP][39m [37m-->[39m [37mGET[39m [37m/wd/hub/session/767161bc-ed89-4441-b74f-2cd2e83c3835/screenshot[39m
[35m[HTTP][39m [90m{}[39m
[35m[HTTP][39m [37m<-- GET /wd/hub/session/767161bc-ed89-4441-b74f-2cd2e83c3835/screenshot [39m[32m200[39m [90m352 ms - 123290[39m
[35m[HTTP][39m [90m[39m
[35m[HTTP][39m [37m-->[39m [37mPOST[39m [37m/wd/hub/session/767161bc-ed89-4441-b74f-2cd2e83c3835/elements[39m
[35m[HTTP][39m [90m{"using":"xpath","value":"//*[@class = 'android.widget.Button' and (@text = 'Make Payment' or . = 'Make Payment') and @resource-id = 'com.example.mikebanks.bankscorpfinancial:id/btn_make_payment']"}[39m
[35m[HTTP][39m [37m<-- POST /wd/hub/session/767161bc-ed89-4441-b74f-2cd2e83c3835/elements [39m[32m200[39m [90m61 ms - 139[39m
[35m[HTTP][39m [90m[39m
[35m[HTTP][39m [37m-->[39m [37mGET[39m [37m/wd/hub/session/767161bc-ed89-4441-b74f-2cd2e83c3835/window/rect[39m
[35m[HTTP][39m [90m{}[39m
[35m[HTTP][39m [37m<-- GET /wd/hub/session/767161bc-ed89-4441-b74f-2cd2e83c3835/window/rect [39m[32m200[39m [90m15 ms - 50[39m
[35m[HTTP][39m [90m[39m
[35m[HTTP][39m [37m-->[39m [37mPOST[39m [37m/wd/hub/session/767161bc-ed89-4441-b74f-2cd2e83c3835/elements[39m
[35m[HTTP][39m [90m{"using":"xpath","value":"//*[@class = 'android.widget.Button' and (@text = 'Make Payment' or . = 'Make Payment') and @resource-id = 'com.example.mikebanks.bankscorpfinancial:id/btn_make_payment']"}[39m
[35m[HTTP][39m [37m<-- POST /wd/hub/session/767161bc-ed89-4441-b74f-2cd2e83c3835/elements [39m[32m200[39m [90m39 ms - 139[39m
[35m[HTTP][39m [90m[39m
[35m[HTTP][39m [37m-->[39m [37mGET[39m [37m/wd/hub/session/767161bc-ed89-4441-b74f-2cd2e83c3835/element/00000000-0000-0076-ffff-ffff00000097/location[39m
[35m[HTTP][39m [90m{}[39m
[35m[W3C (767161bc)][39m Driver proxy active, passing request on via HTTP proxy
[35m[WD Proxy][39m Replacing sessionId 97a0c83e-ba94-4794-b48b-d8126cc48b84 with 767161bc-ed89-4441-b74f-2cd2e83c3835
[35m[HTTP][39m [37m<-- GET /wd/hub/session/767161bc-ed89-4441-b74f-2cd2e83c3835/element/00000000-0000-0076-ffff-ffff00000097/location [39m[32m200[39m [90m15 ms - 78[39m
[35m[HTTP][39m [90m[39m
[35m[HTTP][39m [37m-->[39m [37mPOST[39m [37m/wd/hub/session/767161bc-ed89-4441-b74f-2cd2e83c3835/element/00000000-0000-0076-ffff-ffff00000097/click[39m
[35m[HTTP][39m [90m{"id":"00000000-0000-0076-ffff-ffff00000097"}[39m
[35m[HTTP][39m [37m<-- POST /wd/hub/session/767161bc-ed89-4441-b74f-2cd2e83c3835/element/00000000-0000-0076-ffff-ffff00000097/click [39m[32m200[39m [90m37 ms - 14[39m
[35m[HTTP][39m [90m[39m
[35m[HTTP][39m [37m-->[39m [37mGET[39m [37m/wd/hub/session/767161bc-ed89-4441-b74f-2cd2e83c3835/source[39m
[35m[HTTP][39m [90m{}[39m
[35m[W3C (767161bc)][39m Driver proxy active, passing request on via HTTP proxy
[35m[WD Proxy][39m Replacing sessionId 97a0c83e-ba94-4794-b48b-d8126cc48b84 with 767161bc-ed89-4441-b74f-2cd2e83c3835
[35m[HTTP][39m [37m<-- GET /wd/hub/session/767161bc-ed89-4441-b74f-2cd2e83c3835/source [39m[32m200[39m [90m298 ms - 13851[39m
[35m[HTTP][39m [90m[39m
[35m[HTTP][39m [37m-->[39m [37mGET[39m [37m/wd/hub/session/767161bc-ed89-4441-b74f-2cd2e83c3835/screenshot[39m
[35m[HTTP][39m [90m{}[39m
[35m[HTTP][39m [37m<-- GET /wd/hub/session/767161bc-ed89-4441-b74f-2cd2e83c3835/screenshot [39m[32m200[39m [90m423 ms - 137662[39m
[35m[HTTP][39m [90m[39m
[35m[HTTP][39m [37m-->[39m [37mPOST[39m [37m/wd/hub/session/767161bc-ed89-4441-b74f-2cd2e83c3835/elements[39m
[35m[HTTP][39m [90m{"using":"xpath","value":"//*[@class = 'android.widget.TextView' and (@text = 'Tabungan 1 ($99900.00)' or . = 'Tabungan 1 ($99900.00)') and @resource-id = 'android:id/text1']"}[39m
[35m[HTTP][39m [37m<-- POST /wd/hub/session/767161bc-ed89-4441-b74f-2cd2e83c3835/elements [39m[32m200[39m [90m92 ms - 139[39m
[35m[HTTP][39m [90m[39m
[35m[HTTP][39m [37m-->[39m [37mGET[39m [37m/wd/hub/session/767161bc-ed89-4441-b74f-2cd2e83c3835/window/rect[39m
[35m[HTTP][39m [90m{}[39m
[35m[HTTP][39m [37m<-- GET /wd/hub/session/767161bc-ed89-4441-b74f-2cd2e83c3835/window/rect [39m[32m200[39m [90m15 ms - 50[39m
[35m[HTTP][39m [90m[39m
[35m[HTTP][39m [37m-->[39m [37mPOST[39m [37m/wd/hub/session/767161bc-ed89-4441-b74f-2cd2e83c3835/elements[39m
[35m[HTTP][39m [90m{"using":"xpath","value":"//*[@class = 'android.widget.TextView' and (@text = 'Tabungan 1 ($99900.00)' or . = 'Tabungan 1 ($99900.00)') and @resource-id = 'android:id/text1']"}[39m
[35m[HTTP][39m [37m<-- POST /wd/hub/session/767161bc-ed89-4441-b74f-2cd2e83c3835/elements [39m[32m200[39m [90m60 ms - 139[39m
[35m[HTTP][39m [90m[39m
[35m[HTTP][39m [37m-->[39m [37mGET[39m [37m/wd/hub/session/767161bc-ed89-4441-b74f-2cd2e83c3835/element/00000000-0000-0076-ffff-ffff000000ac/location[39m
[35m[HTTP][39m [90m{}[39m
[35m[W3C (767161bc)][39m Driver proxy active, passing request on via HTTP proxy
[35m[WD Proxy][39m Replacing sessionId 97a0c83e-ba94-4794-b48b-d8126cc48b84 with 767161bc-ed89-4441-b74f-2cd2e83c3835
[35m[HTTP][39m [37m<-- GET /wd/hub/session/767161bc-ed89-4441-b74f-2cd2e83c3835/element/00000000-0000-0076-ffff-ffff000000ac/location [39m[32m200[39m [90m460 ms - 78[39m
[35m[HTTP][39m [90m[39m
[35m[HTTP][39m [37m-->[39m [37mGET[39m [37m/wd/hub/session/767161bc-ed89-4441-b74f-2cd2e83c3835/element/00000000-0000-0076-ffff-ffff000000ac/text[39m
[35m[HTTP][39m [90m{}[39m
[35m[W3C (767161bc)][39m Driver proxy active, passing request on via HTTP proxy
[35m[WD Proxy][39m Replacing sessionId 97a0c83e-ba94-4794-b48b-d8126cc48b84 with 767161bc-ed89-4441-b74f-2cd2e83c3835
[35m[HTTP][39m [37m<-- GET /wd/hub/session/767161bc-ed89-4441-b74f-2cd2e83c3835/element/00000000-0000-0076-ffff-ffff000000ac/text [39m[32m200[39m [90m18 ms - 85[39m
[35m[HTTP][39m [90m[39m
[35m[HTTP][39m [37m-->[39m [37mGET[39m [37m/wd/hub/session/767161bc-ed89-4441-b74f-2cd2e83c3835/source[39m
[35m[HTTP][39m [90m{}[39m
[35m[W3C (767161bc)][39m Driver proxy active, passing request on via HTTP proxy
[35m[WD Proxy][39m Replacing sessionId 97a0c83e-ba94-4794-b48b-d8126cc48b84 with 767161bc-ed89-4441-b74f-2cd2e83c3835
[35m[HTTP][39m [37m<-- GET /wd/hub/session/767161bc-ed89-4441-b74f-2cd2e83c3835/source [39m[32m200[39m [90m77 ms - 13681[39m
[35m[HTTP][39m [90m[39m
[35m[HTTP][39m [37m-->[39m [37mGET[39m [37m/wd/hub/session/767161bc-ed89-4441-b74f-2cd2e83c3835/screenshot[39m
[35m[HTTP][39m [90m{}[39m
[35m[HTTP][39m [37m<-- GET /wd/hub/session/767161bc-ed89-4441-b74f-2cd2e83c3835/screenshot [39m[32m200[39m [90m297 ms - 125298[39m
[35m[HTTP][39m [90m[39m
[35m[HTTP][39m [37m-->[39m [37mDELETE[39m [37m/wd/hub/session/767161bc-ed89-4441-b74f-2cd2e83c3835[39m
[35m[HTTP][39m [90m{}[39m
[35m[Appium][39m Removing session 767161bc-ed89-4441-b74f-2cd2e83c3835 from our master session list
[35m[UiAutomator2][39m Restoring hidden api policy to the device default configuration
[35m[HTTP][39m [37m<-- DELETE /wd/hub/session/767161bc-ed89-4441-b74f-2cd2e83c3835 [39m[32m200[39m [90m399 ms - 14[39m
[35m[HTTP][39m [90m[39m
